@.str0 = constant [23 x i8] c"Error division by zero\00"@.str1 = constant [5 x i8] c"true\00"@.str2 = constant [5 x i8] c"true\00"@.str3 = constant [12 x i8] c"val is true\00"@.str4 = constant [13 x i8] c"val is false\00"@.str5 = constant [12 x i8] c"val is true\00"@.str6 = constant [13 x i8] c"val is false\00"
declare i32 @scanf(i8*, ...)
declare i32 @printf(i8*, ...)
declare void @exit(i32)
@.int_specifier_scan = constant [3 x i8] c"%d\00"
@.int_specifier = constant [4 x i8] c"%d\0A\00"
@.str_specifier = constant [4 x i8] c"%s\0A\00"

define i32 @readi(i32) {
    %ret_val = alloca i32
    %spec_ptr = getelementptr [3 x i8], [3 x i8]* @.int_specifier_scan, i32 0, i32 0
    call i32 (i8*, ...) @scanf(i8* %spec_ptr, i32* %ret_val)
    %val = load i32, i32* %ret_val
    ret i32 %val
}

define void @printi(i32) {
    %spec_ptr = getelementptr [4 x i8], [4 x i8]* @.int_specifier, i32 0, i32 0
    call i32 (i8*, ...) @printf(i8* %spec_ptr, i32 %0)
    ret void
}

define void @print(i8*) {
    %spec_ptr = getelementptr [4 x i8], [4 x i8]* @.str_specifier, i32 0, i32 0
    call i32 (i8*, ...) @printf(i8* %spec_ptr, i8* %0)
    ret void
}


define void @main() {
label_0:
%t0 = add i32 0, 1
call void @printByValue(i32 %t0)
%t1 = add i32 0, 0
call void @printByValue(i32 %t1)
%t2 = add i32 0, 0
call void @printByValuee(i32 %t2)
%t3 = add i32 0, 0
call void @printByValuee(i32 %t3)
%t4 = add i32 0, 1
%t5 = trunc i32 %t4 to i1
br i1 %t5 ,label %label_1 ,label %label_2
label_1:
%t6 = getelementptr [5 x i8], [5 x i8]* @.str1, i32 0, i32 0
call void @print(i8* %t6)
br label %label_2
label_2:
%t7 = add i32 0, 0
%t9 = trunc i32 %t7 to i1
br i1 %t9 ,label %label_5 ,label %label_8
label_5:
%t8 = add i32 %t7 , 0
br label %label_7
label_8:
%t10 = add i32 0, 0
%t11 = trunc i32 %t10 to i1
br i1 %t11 ,label %label_9 ,label %label_4
label_9:
%t12 = add i32 0, 1
%t13 = and i32 %t10, %t12
br label %label_6
label_6:
%t14 = or i32 %t7, %t13
br label %label_7
label_7:
%t15 = phi i32  [ %t8 , %label_5 ], [%t14 , %label_6]
%t16 = trunc i32 %t15 to i1
br i1 %t16 ,label %label_3 ,label %label_4
label_3:
%t17 = getelementptr [5 x i8], [5 x i8]* @.str2, i32 0, i32 0
call void @print(i8* %t17)
br label %label_4
label_4:
ret void 
}
define void @printByValue(i32 ) {
label_10:
%vx = alloca i32 
store i32 5 , i32* %vx
%t18 = load i32 , i32* %vx
call void @printi(i32 %t18)
%t19 = trunc i32 %0 to i1
br i1 %t19 ,label %label_11 ,label %label_12
label_11:
%t20 = getelementptr [12 x i8], [12 x i8]* @.str3, i32 0, i32 0
call void @print(i8* %t20)
br label %label_13
label_12:
%t21 = getelementptr [13 x i8], [13 x i8]* @.str4, i32 0, i32 0
call void @print(i8* %t21)
br label %label_13
label_13:
ret void 
}
define void @printByValuee(i32 ) {
label_14:
%vx = alloca i32 
store i32 3 , i32* %vx
%t22 = load i32 , i32* %vx
call void @printi(i32 %t22)
%t23 = trunc i32 %0 to i1
br i1 %t23 ,label %label_15 ,label %label_16
label_15:
%t24 = getelementptr [12 x i8], [12 x i8]* @.str5, i32 0, i32 0
call void @print(i8* %t24)
br label %label_17
label_16:
%t25 = getelementptr [13 x i8], [13 x i8]* @.str6, i32 0, i32 0
call void @print(i8* %t25)
br label %label_17
label_17:
ret void 
}
